<?xml version="1.0" encoding="UTF-8"?>
<!-- Generated by org.testng.reporters.JUnitXMLReporter -->
<testsuite hostname="DESKTOP-0OTV8V6" ignored="0" name="Login Test" tests="1" failures="1" timestamp="2022-07-11T23:27:43 IST" time="92.888" errors="0">
  <testcase name="LoginTest" time="35.062" classname="com.cg.testCases.TC01_LoginTest_001">
    <failure type="junit.framework.AssertionFailedError">
      <![CDATA[junit.framework.AssertionFailedError
at junit.framework.Assert.fail(Assert.java:55)
at junit.framework.Assert.assertTrue(Assert.java:22)
at junit.framework.Assert.assertTrue(Assert.java:31)
at com.cg.testCases.TC01_LoginTest_001.LoginTest(TC01_LoginTest_001.java:38)
at java.util.ArrayList.forEach(ArrayList.java:1257)
... Removed 27 stack frames]]>
    </failure>
  </testcase> <!-- LoginTest -->
</testsuite> <!-- Login Test -->
